[debug] [2022-04-07T06:30:33.707Z] ----------------------------------------------------------------------
[debug] [2022-04-07T06:30:33.708Z] Command:       C:\Program Files\nodejs\node.exe C:\Users\whina\AppData\Roaming\npm\node_modules\firebase-tools\lib\bin\firebase.js serve --only hosting
[debug] [2022-04-07T06:30:33.708Z] CLI Version:   10.5.0
[debug] [2022-04-07T06:30:33.709Z] Platform:      win32
[debug] [2022-04-07T06:30:33.709Z] Node Version:  v16.14.0
[debug] [2022-04-07T06:30:33.709Z] Time:          Wed Apr 06 2022 23:30:33 GMT-0700 (Pacific Daylight Saving Time)
[debug] [2022-04-07T06:30:33.709Z] ----------------------------------------------------------------------
[debug] 
[debug] [2022-04-07T06:30:33.713Z] >>> [apiv2][query] GET https://firebase-public.firebaseio.com/cli.json [none]
[debug] [2022-04-07T06:30:33.774Z] > command requires scopes: ["email","openid","https://www.googleapis.com/auth/cloudplatformprojects.readonly","https://www.googleapis.com/auth/firebase","https://www.googleapis.com/auth/cloud-platform"]
[debug] [2022-04-07T06:30:33.774Z] > authorizing via signed-in user (ckdgnl86@gmail.com)
[debug] [2022-04-07T06:30:33.774Z] [iam] checking project comp1800-dtc10 for permissions ["firebase.projects.get"]
[debug] [2022-04-07T06:30:33.775Z] > refreshing access token with scopes: []
[debug] [2022-04-07T06:30:33.775Z] >>> HTTP REQUEST POST https://www.googleapis.com/oauth2/v3/token  
 <request body omitted>
[debug] [2022-04-07T06:30:34.252Z] <<< HTTP RESPONSE 200 {"date":"Thu, 07 Apr 2022 06:30:33 GMT","pragma":"no-cache","expires":"Mon, 01 Jan 1990 00:00:00 GMT","cache-control":"no-cache, no-store, max-age=0, must-revalidate","content-type":"application/json; charset=utf-8","vary":"X-Origin, Referer, Origin,Accept-Encoding","server":"scaffolding on HTTPServer2","x-xss-protection":"0","x-frame-options":"SAMEORIGIN","x-content-type-options":"nosniff","alt-svc":"h3=\":443\"; ma=2592000,h3-29=\":443\"; ma=2592000,h3-Q050=\":443\"; ma=2592000,h3-Q046=\":443\"; ma=2592000,h3-Q043=\":443\"; ma=2592000,quic=\":443\"; ma=2592000; v=\"46,43\"","accept-ranges":"none","transfer-encoding":"chunked"}
[debug] [2022-04-07T06:30:34.262Z] >>> [apiv2][query] POST https://cloudresourcemanager.googleapis.com/v1/projects/comp1800-dtc10:testIamPermissions [none]
[debug] [2022-04-07T06:30:34.262Z] >>> [apiv2][body] POST https://cloudresourcemanager.googleapis.com/v1/projects/comp1800-dtc10:testIamPermissions {"permissions":["firebase.projects.get"]}
[debug] [2022-04-07T06:30:34.346Z] <<< [apiv2][status] GET https://firebase-public.firebaseio.com/cli.json 200
[debug] [2022-04-07T06:30:34.346Z] <<< [apiv2][body] GET https://firebase-public.firebaseio.com/cli.json {"cloudBuildErrorAfter":1594252800000,"cloudBuildWarnAfter":1590019200000,"defaultNode10After":1594252800000,"minVersion":"3.0.5","node8DeploysDisabledAfter":1613390400000,"node8RuntimeDisabledAfter":1615809600000,"node8WarnAfter":1600128000000}
[debug] [2022-04-07T06:30:34.525Z] <<< [apiv2][status] POST https://cloudresourcemanager.googleapis.com/v1/projects/comp1800-dtc10:testIamPermissions 200
[debug] [2022-04-07T06:30:34.525Z] <<< [apiv2][body] POST https://cloudresourcemanager.googleapis.com/v1/projects/comp1800-dtc10:testIamPermissions {}
[debug] [2022-04-07T06:30:34.525Z] [iam] error while checking permissions, command may fail: FirebaseError: Authorization failed. This account is missing the following required permissions on project comp1800-dtc10:

  firebase.projects.get
[debug] [2022-04-07T06:30:34.527Z] >>> [apiv2][query] GET https://firebase.googleapis.com/v1beta1/projects/comp1800-dtc10 [none]
[debug] [2022-04-07T06:30:34.721Z] <<< [apiv2][status] GET https://firebase.googleapis.com/v1beta1/projects/comp1800-dtc10 403
[debug] [2022-04-07T06:30:34.721Z] <<< [apiv2][body] GET https://firebase.googleapis.com/v1beta1/projects/comp1800-dtc10 {"error":{"code":403,"message":"The caller does not have permission","status":"PERMISSION_DENIED"}}
[debug] [2022-04-07T06:30:34.722Z] HTTP Error: 403, The caller does not have permission
[debug] [2022-04-07T06:30:34.822Z] FirebaseError: HTTP Error: 403, The caller does not have permission
    at module.exports (C:\Users\whina\AppData\Roaming\npm\node_modules\firebase-tools\lib\responseToError.js:47:12)
    at RetryOperation._fn (C:\Users\whina\AppData\Roaming\npm\node_modules\firebase-tools\lib\apiv2.js:286:39)
    at processTicksAndRejections (node:internal/process/task_queues:96:5)
[error] 
[error] Error: Failed to get Firebase project comp1800-dtc10. Please make sure the project exists and your account has permission to access it.
[debug] [2022-04-07T06:30:42.207Z] ----------------------------------------------------------------------
[debug] [2022-04-07T06:30:42.210Z] Command:       C:\Program Files\nodejs\node.exe C:\Users\whina\AppData\Roaming\npm\node_modules\firebase-tools\lib\bin\firebase.js serve --only hosting
[debug] [2022-04-07T06:30:42.211Z] CLI Version:   10.5.0
[debug] [2022-04-07T06:30:42.211Z] Platform:      win32
[debug] [2022-04-07T06:30:42.211Z] Node Version:  v16.14.0
[debug] [2022-04-07T06:30:42.212Z] Time:          Wed Apr 06 2022 23:30:42 GMT-0700 (Pacific Daylight Saving Time)
[debug] [2022-04-07T06:30:42.212Z] ----------------------------------------------------------------------
[debug] 
[debug] [2022-04-07T06:30:42.258Z] > command requires scopes: ["email","openid","https://www.googleapis.com/auth/cloudplatformprojects.readonly","https://www.googleapis.com/auth/firebase","https://www.googleapis.com/auth/cloud-platform"]
[debug] [2022-04-07T06:30:42.258Z] > authorizing via signed-in user (ckdgnl86@gmail.com)
[debug] [2022-04-07T06:30:42.258Z] [iam] checking project comp1800-dtc10 for permissions ["firebase.projects.get"]
[debug] [2022-04-07T06:30:42.260Z] >>> [apiv2][query] POST https://cloudresourcemanager.googleapis.com/v1/projects/comp1800-dtc10:testIamPermissions [none]
[debug] [2022-04-07T06:30:42.260Z] >>> [apiv2][body] POST https://cloudresourcemanager.googleapis.com/v1/projects/comp1800-dtc10:testIamPermissions {"permissions":["firebase.projects.get"]}
[debug] [2022-04-07T06:30:42.535Z] <<< [apiv2][status] POST https://cloudresourcemanager.googleapis.com/v1/projects/comp1800-dtc10:testIamPermissions 200
[debug] [2022-04-07T06:30:42.536Z] <<< [apiv2][body] POST https://cloudresourcemanager.googleapis.com/v1/projects/comp1800-dtc10:testIamPermissions {}
[debug] [2022-04-07T06:30:42.537Z] [iam] error while checking permissions, command may fail: FirebaseError: Authorization failed. This account is missing the following required permissions on project comp1800-dtc10:

  firebase.projects.get
[debug] [2022-04-07T06:30:42.539Z] >>> [apiv2][query] GET https://firebase.googleapis.com/v1beta1/projects/comp1800-dtc10 [none]
[debug] [2022-04-07T06:30:42.725Z] <<< [apiv2][status] GET https://firebase.googleapis.com/v1beta1/projects/comp1800-dtc10 403
[debug] [2022-04-07T06:30:42.726Z] <<< [apiv2][body] GET https://firebase.googleapis.com/v1beta1/projects/comp1800-dtc10 {"error":{"code":403,"message":"The caller does not have permission","status":"PERMISSION_DENIED"}}
[debug] [2022-04-07T06:30:42.727Z] HTTP Error: 403, The caller does not have permission
[debug] [2022-04-07T06:30:42.802Z] FirebaseError: HTTP Error: 403, The caller does not have permission
    at module.exports (C:\Users\whina\AppData\Roaming\npm\node_modules\firebase-tools\lib\responseToError.js:47:12)
    at RetryOperation._fn (C:\Users\whina\AppData\Roaming\npm\node_modules\firebase-tools\lib\apiv2.js:286:39)
    at processTicksAndRejections (node:internal/process/task_queues:96:5)
[error] 
[error] Error: Failed to get Firebase project comp1800-dtc10. Please make sure the project exists and your account has permission to access it.
